<?xml version="1.0" encoding="UTF-8"?>
<!-- Generated by org.testng.reporters.JUnitXMLReporter -->
<testsuite ignored="0" hostname="rohi" failures="1" tests="1" name="Test" time="0.099" errors="0" timestamp="2022-08-05T14:11:03 IST">
  <testcase classname="com.tests.LoginTest" name="@BeforeSuite setup" time="0.079">
    <failure type="java.io.FileNotFoundException" message="C:\Users\LENOVO\eclipse-Advance Selenium\HybridFramework\HybridFramework\src\main\resources\config.properties (The system cannot find the path specified)">
      <![CDATA[java.io.FileNotFoundException: C:\Users\LENOVO\eclipse-Advance Selenium\HybridFramework\HybridFramework\src\main\resources\config.properties (The system cannot find the path specified)
at java.base/java.io.FileInputStream.open0(Native Method)
at java.base/java.io.FileInputStream.open(FileInputStream.java:216)
at java.base/java.io.FileInputStream.<init>(FileInputStream.java:157)
at java.base/java.io.FileInputStream.<init>(FileInputStream.java:111)
at com.utilities.PropertiesUtils.readProperty(PropertiesUtils.java:14)
at com.base.BaseClass.initialization(BaseClass.java:24)
at com.tests.LoginTest.setup(LoginTest.java:17)
... Removed 19 stack frames]]>
    </failure>
  </testcase> <!-- @BeforeSuite setup -->
  <testcase classname="com.tests.LoginTest" name="failtest" time="0.029">
    <failure type="java.lang.NullPointerException" message="Cannot invoke &amp;quot;com.aventstack.extentreports.ExtentReports.createTest(String)&amp;quot; because &amp;quot;com.listeners.MyListener.report&amp;quot; is null">
      <![CDATA[java.lang.NullPointerException: Cannot invoke "com.aventstack.extentreports.ExtentReports.createTest(String)" because "com.listeners.MyListener.report" is null
at com.listeners.MyListener.onTestStart(MyListener.java:14)
at java.base/java.util.ArrayList.forEach(ArrayList.java:1511)
... Removed 25 stack frames]]>
    </failure>
  </testcase> <!-- failtest -->
</testsuite> <!-- Test -->
